0 info it worked if it ends with ok
1 verbose cli [ '/Users/huip/.nvm/versions/io.js/v1.6.1/bin/iojs',
1 verbose cli   '/Users/huip/.nvm/versions/io.js/v1.6.1/bin/npm',
1 verbose cli   'i' ]
2 info using npm@2.7.1
3 info using node@v1.6.1
4 error install Couldn't read dependencies
5 verbose stack Error: ENOENT: no such file or directory, open '/Users/huip/Work/project-jxjr/package.json'
5 verbose stack     at Error (native)
6 verbose cwd /Users/huip/Work/project-jxjr
7 error Darwin 14.1.0
8 error argv "/Users/huip/.nvm/versions/io.js/v1.6.1/bin/iojs" "/Users/huip/.nvm/versions/io.js/v1.6.1/bin/npm" "i"
9 error node v1.6.1
10 error npm  v2.7.1
11 error path /Users/huip/Work/project-jxjr/package.json
12 error code ENOPACKAGEJSON
13 error errno -2
14 error syscall open
15 error package.json ENOENT: no such file or directory, open '/Users/huip/Work/project-jxjr/package.json'
15 error package.json This is most likely not a problem with npm itself.
15 error package.json npm can't find a package.json file in your current directory.
16 verbose exit [ -2, true ]
